0 verbose cli /usr/bin/node /usr/bin/npm
1 info using npm@9.2.0
2 info using node@v18.19.1
3 timing npm:load:whichnode Completed in 1ms
4 timing config:load:defaults Completed in 28ms
5 timing config:load:file:/usr/share/nodejs/npm/npmrc Completed in 47ms
6 timing config:load:builtin Completed in 47ms
7 timing config:load:cli Completed in 14ms
8 timing config:load:env Completed in 2ms
9 timing config:load:project Completed in 21ms
10 timing config:load:file:/home/shiks/.npmrc Completed in 1ms
11 timing config:load:user Completed in 1ms
12 timing config:load:file:/etc/npmrc Completed in 7ms
13 timing config:load:global Completed in 8ms
14 timing config:load:setEnvs Completed in 8ms
15 timing config:load Completed in 131ms
16 timing npm:load:configload Completed in 132ms
17 timing npm:load:mkdirpcache Completed in 62ms
18 timing npm:load:mkdirplogs Completed in 18ms
19 verbose title npm pkg set scripts.test=jest
20 verbose argv "pkg" "set" "scripts.test=jest"
21 timing npm:load:setTitle Completed in 10ms
22 timing config:load:flatten Completed in 37ms
23 timing npm:load:display Completed in 41ms
24 verbose logfile logs-max:10 dir:/home/shiks/.npm/_logs/2026-01-06T09_25_37_290Z-
25 verbose logfile /home/shiks/.npm/_logs/2026-01-06T09_25_37_290Z-debug-0.log
26 timing npm:load:logFile Completed in 74ms
27 timing npm:load:timers Completed in 1ms
28 timing npm:load:configScope Completed in 0ms
29 timing npm:load Completed in 352ms
30 silly logfile done cleaning log files
31 timing config:load:flatten Completed in 2ms
32 timing command:pkg Completed in 64ms
33 verbose exit 0
34 timing npm Completed in 511ms
35 info ok
